phone-service in-service
phone-network HSDPA
signal 16
phone-call idle
data disconnected
battery-change 0 12/100 3684210
batt_temp 21.0
setting_brightness 236
setting_screen_timeout 30000
time 1382413357976
localtime_offset 32400000
model dream
associate 10155 edu.umich.PowerTutor@15
begin 0
total-power 855
meminfo 836384 23684 18216 111832
LCD 855
LCD-brightness 236
LCD-screen-on true
LCD-10155 855
3G 0
3G-on false
GPS 0
GPS-state-times 1.0 0.0 0.0
GPS-sattelites 0
Audio 0
Audio-on false
associate 10002 com.smlds@1
associate 10013 com.kt.iwlan@1
associate 10016 com.sec.android.fotaclient@1
associate 10023 com.android.vending@80230011
associate 10024 android.uid.shared:10024@1
associate 10028 android.uid.calendar:10028@1
associate 10034 com.google.android.talk@12018130
associate 10040 com.sec.android.socialhub@4
associate 10069 com.sec.pcw.device@1
associate 10071 com.google.uid.shared:10071@100
associate 10080 android.media:10080@10
associate 10082 com.google.android.apps.maps:10082@614040002
associate 10099 com.cooliris.media@30682
associate 10102 com.sec.android.app.FileTransferServer@1
associate 10103 com.sec.android.app.FileTransferManager@1
associate 10106 com.android.email@1010181925
associate 10112 com.sec.android.app.clockpackage@1
associate 10119 com.sec.android.provider.badge@1
associate 10123 ahnmobilesecurity.app.sharedid:10123@103
associate 10125 com.kakao.talk@134
associate 10126 com.nhn.android.search@481
associate 10128 com.facebook.katana@381279
associate 10130 com.nhn.android.calendar@11120
associate 10132 com.nhn.android.mail@11054
associate 10136 com.nhn.android.webtoon@1420
associate 10140 com.google.android.apps.plus@412519680
associate 10144 com.dropbox.android@231004
associate 10149 com.nhn.android.ndrive@103
associate 10150 com.metago.astro@543
associate 10151 com.malangstudio.alarmmon@108
associate 10154 com.nhn.android.band@48
associate 10162 com.IBK.SmartPush.app@20
associate 10166 com.evernote@1054103
associate 10167 com.campmobile.noon@1310025
associate 10169 com.wemakeprice@40
begin 1
total-power 920
LCD 855
LCD-brightness 236
LCD-screen-on true
LCD-10155 855
CPU 27
CPU-sys 6
CPU-usr 0
CPU-freq 1000.0
CPU-0 8
CPU-1000 70
CPU-1001 0
CPU-1002 0
CPU-1010 8
CPU-1013 8
CPU-1014 0
CPU-1016 0
CPU-1017 0
CPU-1025 0
CPU-2000 0
CPU-3005 0
CPU-10002 0
CPU-10013 0
CPU-10016 0
CPU-10023 0
CPU-10024 0
CPU-10028 0
CPU-10034 0
CPU-10040 0
CPU-10069 0
CPU-10071 0
CPU-10080 0
CPU-10082 0
CPU-10099 0
CPU-10102 0
CPU-10103 0
CPU-10106 0
CPU-10112 0
CPU-10119 0
CPU-10123 0
CPU-10125 0
CPU-10126 0
CPU-10128 0
CPU-10130 0
CPU-10132 0
CPU-10136 0
CPU-10140 0
CPU-10144 0
CPU-10149 0
CPU-10150 0
CPU-10151 0
CPU-10154 0
CPU-10155 53
CPU-10162 0
CPU-10166 0
CPU-10167 0
CPU-10169 0
Wifi 38
Wifi-on true
Wifi-packets 0
Wifi-uplinkBytes 0
Wifi-downlinkBytes 0
Wifi-uplink 0
Wifi-speed 65
Wifi-state LOW
3G 0
3G-on false
GPS 0
GPS-state-times 1.0 0.0 0.0
GPS-sattelites 0
Audio 0
Audio-on false
begin 2
total-power 1013
LCD 855
LCD-brightness 236
LCD-screen-on true
LCD-10024 855
CPU 120
CPU-sys 12
CPU-usr 16
CPU-freq 1000.0
CPU-0 10
CPU-1000 116
CPU-1001 0
CPU-1002 0
CPU-1010 0
CPU-1013 0
CPU-1014 0
CPU-1016 0
CPU-1017 0
CPU-1025 0
CPU-2000 0
CPU-3005 0
CPU-10002 0
CPU-10013 0
CPU-10016 0
CPU-10023 0
CPU-10024 37
CPU-10028 0
CPU-10034 0
CPU-10040 0
CPU-10069 0
CPU-10071 0
CPU-10080 0
CPU-10082 0
CPU-10099 0
CPU-10102 0
CPU-10103 0
CPU-10106 0
CPU-10112 0
CPU-10119 0
CPU-10123 0
CPU-10125 0
CPU-10126 0
CPU-10128 0
CPU-10130 0
CPU-10132 0
CPU-10136 0
CPU-10140 0
CPU-10144 0
CPU-10149 0
CPU-10150 0
CPU-10151 0
CPU-10154 0
CPU-10155 37
CPU-10162 0
CPU-10166 0
CPU-10167 0
CPU-10169 0
Wifi 38
Wifi-on true
Wifi-packets 0
Wifi-uplinkBytes 0
Wifi-downlinkBytes 0
Wifi-uplink 0
Wifi-speed 65
Wifi-state LOW
3G 0
3G-on false
GPS 0
GPS-state-times 1.0 0.0 0.0
GPS-sattelites 0
Audio 0
Audio-on false
begin 3
total-power 1146
LCD 855
LCD-brightness 236
LCD-screen-on true
LCD-10128 855
CPU 253
CPU-sys 42
CPU-usr 16
CPU-freq 1000.0
CPU-0 27
CPU-1000 176
CPU-1001 0
CPU-1002 0
CPU-1010 0
CPU-1013 6
CPU-1014 0
CPU-1016 0
CPU-1017 0
CPU-1025 0
CPU-2000 0
CPU-3005 0
CPU-10002 0
CPU-10013 0
CPU-10016 0
CPU-10023 0
CPU-10024 67
CPU-10028 0
CPU-10034 0
CPU-10040 0
CPU-10069 0
CPU-10071 0
CPU-10080 0
CPU-10082 0
CPU-10099 0
CPU-10102 0
CPU-10103 0
CPU-10106 0
CPU-10112 0
CPU-10119 0
CPU-10123 0
CPU-10125 0
CPU-10126 0
CPU-10128 0
CPU-10130 0
CPU-10132 0
CPU-10136 0
CPU-10140 0
CPU-10144 0
CPU-10149 0
CPU-10150 0
CPU-10151 0
CPU-10154 0
CPU-10155 33
CPU-10162 0
CPU-10166 0
CPU-10167 0
CPU-10169 0
Wifi 38
Wifi-on true
Wifi-packets 4
Wifi-uplinkBytes 367
Wifi-downlinkBytes 0
Wifi-uplink 0
Wifi-speed 65
Wifi-state LOW
3G 0
3G-on false
GPS 0
GPS-state-times 1.0 0.0 0.0
GPS-sattelites 0
Audio 0
Audio-on false
begin 4
total-power 1774
LCD 855
LCD-brightness 236
LCD-screen-on true
LCD-10128 855
CPU 200
CPU-sys 41
CPU-usr 5
CPU-freq 1000.0
CPU-0 74
CPU-1000 101
CPU-1001 20
CPU-1002 6
CPU-1010 0
CPU-1013 6
CPU-1014 0
CPU-1016 6
CPU-1017 0
CPU-1025 0
CPU-2000 0
CPU-3005 0
CPU-10002 0
CPU-10013 6
CPU-10016 0
CPU-10023 0
CPU-10024 13
CPU-10028 0
CPU-10034 0
CPU-10040 0
CPU-10069 0
CPU-10071 13
CPU-10080 13
CPU-10082 0
CPU-10099 6
CPU-10102 0
CPU-10103 0
CPU-10106 0
CPU-10112 0
CPU-10119 0
CPU-10123 6
CPU-10125 0
CPU-10126 0
CPU-10128 6
CPU-10130 6
CPU-10132 0
CPU-10136 0
CPU-10140 0
CPU-10144 0
CPU-10149 0
CPU-10150 0
CPU-10151 0
CPU-10154 0
CPU-10155 47
CPU-10162 0
CPU-10166 0
CPU-10167 0
CPU-10169 0
Wifi 719
Wifi-on true
Wifi-packets 21
Wifi-uplinkBytes 3636
Wifi-downlinkBytes 521
Wifi-uplink 0
Wifi-speed 65
Wifi-state HIGH
Wifi-10128 38
3G 0
3G-on false
GPS 0
GPS-state-times 1.0 0.0 0.0
GPS-sattelites 0
Audio 0
Audio-on false
begin 5
total-power 1735
LCD 855
LCD-brightness 236
LCD-screen-on true
LCD-10128 855
CPU 161
CPU-sys 35
CPU-usr 2
CPU-freq 1200.0
CPU-0 0
CPU-1000 209
CPU-1001 0
CPU-1002 0
CPU-1010 0
CPU-1013 0
CPU-1014 0
CPU-1016 0
CPU-1017 0
CPU-1025 0
CPU-2000 0
CPU-3005 0
CPU-10002 0
CPU-10013 0
CPU-10016 0
CPU-10023 0
CPU-10024 0
CPU-10028 0
CPU-10034 0
CPU-10040 0
CPU-10069 0
CPU-10071 0
CPU-10080 0
CPU-10082 0
CPU-10099 0
CPU-10102 0
CPU-10103 0
CPU-10106 0
CPU-10112 0
CPU-10119 0
CPU-10123 0
CPU-10125 16
CPU-10126 16
CPU-10128 1236
CPU-10130 8
CPU-10132 0
CPU-10136 0
CPU-10140 0
CPU-10144 0
CPU-10149 0
CPU-10150 0
CPU-10151 0
CPU-10154 0
CPU-10155 16
CPU-10162 0
CPU-10166 0
CPU-10167 0
CPU-10169 0
Wifi 719
Wifi-on true
Wifi-packets 45
Wifi-uplinkBytes 5430
Wifi-downlinkBytes 4840
Wifi-uplink 0
Wifi-speed 65
Wifi-state HIGH
Wifi-10128 38
3G 0
3G-on false
GPS 0
GPS-state-times 1.0 0.0 0.0
GPS-sattelites 0
Audio 0
Audio-on false
begin 6
total-power 1793
LCD 855
LCD-brightness 236
LCD-screen-on true
LCD-10128 855
CPU 219
CPU-sys 40
CPU-usr 11
CPU-freq 1000.0
CPU-0 55
CPU-1000 34
CPU-1001 0
CPU-1002 0
CPU-1010 6
CPU-1013 0
CPU-1014 0
CPU-1016 0
CPU-1017 0
CPU-1025 0
CPU-2000 0
CPU-3005 0
CPU-10002 0
CPU-10013 0
CPU-10016 0
CPU-10023 0
CPU-10024 0
CPU-10028 0
CPU-10034 0
CPU-10040 0
CPU-10069 0
CPU-10071 0
CPU-10080 0
CPU-10082 0
CPU-10099 0
CPU-10102 0
CPU-10103 0
CPU-10106 0
CPU-10112 0
CPU-10119 0
CPU-10123 0
CPU-10125 0
CPU-10126 0
CPU-10128 459
CPU-10130 0
CPU-10132 0
CPU-10136 0
CPU-10140 0
CPU-10144 0
CPU-10149 0
CPU-10150 0
CPU-10151 0
CPU-10154 0
CPU-10155 34
CPU-10162 0
CPU-10166 0
CPU-10167 0
CPU-10169 0
Wifi 719
Wifi-on true
Wifi-packets 56
Wifi-uplinkBytes 8848
Wifi-downlinkBytes 6722
Wifi-uplink 0
Wifi-speed 65
Wifi-state HIGH
Wifi-10128 38
3G 0
3G-on false
GPS 0
GPS-state-times 1.0 0.0 0.0
GPS-sattelites 0
Audio 0
Audio-on false
begin 7
total-power 1862
LCD 855
LCD-brightness 236
LCD-screen-on true
LCD-10128 855
CPU 288
CPU-sys 51
CPU-usr 16
CPU-freq 800.0
CPU-0 43
CPU-1000 59
CPU-1001 0
CPU-1002 0
CPU-1010 0
CPU-1013 0
CPU-1014 0
CPU-1016 0
CPU-1017 0
CPU-1025 0
CPU-2000 0
CPU-3005 0
CPU-10002 0
CPU-10013 0
CPU-10016 0
CPU-10023 0
CPU-10024 0
CPU-10028 0
CPU-10034 0
CPU-10040 0
CPU-10069 0
CPU-10071 0
CPU-10080 0
CPU-10082 0
CPU-10099 0
CPU-10102 0
CPU-10103 0
CPU-10106 0
CPU-10112 0
CPU-10119 0
CPU-10123 0
CPU-10125 0
CPU-10126 0
CPU-10128 487
CPU-10130 0
CPU-10132 0
CPU-10136 0
CPU-10140 0
CPU-10144 0
CPU-10149 0
CPU-10150 0
CPU-10151 0
CPU-10154 0
CPU-10155 16
CPU-10162 0
CPU-10166 0
CPU-10167 0
CPU-10169 0
Wifi 719
Wifi-on true
Wifi-packets 36
Wifi-uplinkBytes 3134
Wifi-downlinkBytes 18860
Wifi-uplink 0
Wifi-speed 65
Wifi-state HIGH
Wifi-10128 719
3G 0
3G-on false
GPS 0
GPS-state-times 1.0 0.0 0.0
GPS-sattelites 0
Audio 0
Audio-on false
begin 8
total-power 1858
LCD 855
LCD-brightness 236
LCD-screen-on true
LCD-10128 855
CPU 284
CPU-sys 53
CPU-usr 13
CPU-freq 1200.0
CPU-0 106
CPU-1000 49
CPU-1001 0
CPU-1002 0
CPU-1010 8
CPU-1013 0
CPU-1014 0
CPU-1016 0
CPU-1017 0
CPU-1025 0
CPU-2000 0
CPU-3005 0
CPU-10002 0
CPU-10013 0
CPU-10016 0
CPU-10023 0
CPU-10024 8
CPU-10028 0
CPU-10034 0
CPU-10040 0
CPU-10069 0
CPU-10071 0
CPU-10080 0
CPU-10082 0
CPU-10099 0
CPU-10102 0
CPU-10103 0
CPU-10106 0
CPU-10112 0
CPU-10119 0
CPU-10123 0
CPU-10125 0
CPU-10126 0
CPU-10128 818
CPU-10130 0
CPU-10132 8
CPU-10136 8
CPU-10140 0
CPU-10144 0
CPU-10149 0
CPU-10150 0
CPU-10151 0
CPU-10154 0
CPU-10155 32
CPU-10162 0
CPU-10166 0
CPU-10167 0
CPU-10169 0
Wifi 719
Wifi-on true
Wifi-packets 30
Wifi-uplinkBytes 13812
Wifi-downlinkBytes 2840
Wifi-uplink 0
Wifi-speed 65
Wifi-state HIGH
Wifi-10128 719
3G 0
3G-on false
GPS 0
GPS-state-times 1.0 0.0 0.0
GPS-sattelites 0
Audio 0
Audio-on false
begin 9
total-power 1864
LCD 855
LCD-brightness 236
LCD-screen-on true
LCD-10128 855
CPU 290
CPU-sys 57
CPU-usr 10
CPU-freq 1200.0
CPU-0 98
CPU-1000 49
CPU-1001 8
CPU-1002 0
CPU-1010 0
CPU-1013 0
CPU-1014 0
CPU-1016 0
CPU-1017 0
CPU-1025 0
CPU-2000 0
CPU-3005 0
CPU-10002 0
CPU-10013 0
CPU-10016 0
CPU-10023 0
CPU-10024 0
CPU-10028 0
CPU-10034 0
CPU-10040 0
CPU-10069 0
CPU-10071 8
CPU-10080 0
CPU-10082 0
CPU-10099 0
CPU-10102 0
CPU-10103 0
CPU-10106 0
CPU-10112 0
CPU-10119 0
CPU-10123 0
CPU-10125 0
CPU-10126 0
CPU-10128 789
CPU-10130 0
CPU-10132 0
CPU-10136 0
CPU-10140 0
CPU-10144 0
CPU-10149 0
CPU-10150 0
CPU-10151 0
CPU-10154 0
CPU-10155 0
CPU-10162 0
CPU-10166 0
CPU-10167 0
CPU-10169 0
Wifi 719
Wifi-on true
Wifi-packets 45
Wifi-uplinkBytes 4925
Wifi-downlinkBytes 14316
Wifi-uplink 0
Wifi-speed 65
Wifi-state HIGH
Wifi-10128 719
3G 0
3G-on false
GPS 0
GPS-state-times 1.0 0.0 0.0
GPS-sattelites 0
Audio 0
Audio-on false
begin 10
total-power 1866
meminfo 836384 20748 12584 111356
LCD 855
LCD-brightness 236
LCD-screen-on true
LCD-10128 855
CPU 292
CPU-sys 36
CPU-usr 31
CPU-freq 800.0
CPU-0 43
CPU-1000 48
CPU-1001 0
CPU-1002 0
CPU-1010 0
CPU-1013 0
CPU-1014 0
CPU-1016 0
CPU-1017 0
CPU-1025 0
CPU-2000 0
CPU-3005 0
CPU-10002 0
CPU-10013 0
CPU-10016 0
CPU-10023 0
CPU-10024 0
CPU-10028 0
CPU-10034 0
CPU-10040 0
CPU-10069 0
CPU-10071 65
CPU-10080 0
CPU-10082 0
CPU-10099 0
CPU-10102 0
CPU-10103 0
CPU-10106 0
CPU-10112 0
CPU-10119 0
CPU-10123 0
CPU-10125 5
CPU-10126 0
CPU-10128 335
CPU-10130 0
CPU-10132 0
CPU-10136 0
CPU-10140 0
CPU-10144 0
CPU-10149 0
CPU-10150 0
CPU-10151 0
CPU-10154 0
CPU-10155 27
CPU-10162 0
CPU-10166 0
CPU-10167 0
CPU-10169 0
Wifi 719
Wifi-on true
Wifi-packets 79
Wifi-uplinkBytes 12658
Wifi-downlinkBytes 19314
Wifi-uplink 0
Wifi-speed 65
Wifi-state HIGH
Wifi-10128 719
3G 0
3G-on false
GPS 0
GPS-state-times 1.0 0.0 0.0
GPS-sattelites 0
Audio 0
Audio-on false
begin 11
total-power 1759
LCD 855
LCD-brightness 236
LCD-screen-on true
LCD-10128 855
CPU 185
CPU-sys 14
CPU-usr 29
CPU-freq 500.0
CPU-0 75
CPU-1000 6
CPU-1001 0
CPU-1002 0
CPU-1013 0
CPU-1016 0
CPU-1017 0
CPU-1025 0
CPU-2000 0
CPU-3005 0
CPU-10002 0
CPU-10013 0
CPU-10016 0
CPU-10024 0
CPU-10028 0
CPU-10034 0
CPU-10040 0
CPU-10069 0
CPU-10080 0
CPU-10082 0
CPU-10102 0
CPU-10103 0
CPU-10106 0
CPU-10123 0
CPU-10126 0
CPU-10128 99
CPU-10132 0
CPU-10144 0
CPU-10149 0
CPU-10151 0
CPU-10154 0
CPU-10155 17
CPU-10166 0
Wifi 719
Wifi-on true
Wifi-packets 12
Wifi-uplinkBytes 420
Wifi-downlinkBytes 6323
Wifi-uplink 0
Wifi-speed 65
Wifi-state HIGH
Wifi-10128 720
3G 0
3G-on false
GPS 0
GPS-state-times 1.0 0.0 0.0
GPS-sattelites 0
Audio 0
Audio-on false
associate 10050 com.sec.android.widgetapp.newswidget@1
begin 12
total-power 1137
LCD 855
LCD-brightness 236
LCD-screen-on true
LCD-10128 855
CPU 244
CPU-sys 29
CPU-usr 28
CPU-freq 500.0
CPU-0 65
CPU-1000 65
CPU-1001 0
CPU-1002 0
CPU-1010 0
CPU-1013 0
CPU-1014 0
CPU-1016 0
CPU-1017 0
CPU-1025 0
CPU-2000 0
CPU-3005 0
CPU-10002 0
CPU-10013 0
CPU-10016 0
CPU-10023 0
CPU-10024 3
CPU-10028 0
CPU-10034 0
CPU-10040 0
CPU-10050 0
CPU-10069 0
CPU-10071 0
CPU-10080 0
CPU-10082 0
CPU-10099 0
CPU-10102 0
CPU-10103 0
CPU-10106 0
CPU-10112 0
CPU-10119 0
CPU-10123 0
CPU-10125 0
CPU-10126 0
CPU-10128 165
CPU-10130 0
CPU-10132 0
CPU-10136 0
CPU-10140 0
CPU-10144 0
CPU-10149 0
CPU-10150 0
CPU-10151 0
CPU-10154 0
CPU-10155 31
CPU-10162 0
CPU-10166 0
CPU-10167 0
CPU-10169 0
Wifi 38
Wifi-on true
Wifi-packets 0
Wifi-uplinkBytes 0
Wifi-downlinkBytes 0
Wifi-uplink 0
Wifi-speed 65
Wifi-state LOW
3G 0
3G-on false
GPS 0
GPS-state-times 1.0 0.0 0.0
GPS-sattelites 0
Audio 0
Audio-on false
begin 13
total-power 1052
LCD 855
LCD-brightness 236
LCD-screen-on true
LCD-10128 855
CPU 159
CPU-sys 6
CPU-usr 41
CPU-freq 200.0
CPU-0 40
CPU-1000 4
CPU-1001 1
CPU-1002 0
CPU-1010 0
CPU-1013 0
CPU-1014 0
CPU-1016 0
CPU-1017 0
CPU-1025 0
CPU-2000 0
CPU-3005 0
CPU-10002 0
CPU-10013 0
CPU-10016 0
CPU-10023 0
CPU-10024 0
CPU-10028 0
CPU-10034 0
CPU-10040 0
CPU-10050 0
CPU-10069 0
CPU-10071 0
CPU-10080 0
CPU-10082 0
CPU-10099 0
CPU-10102 0
CPU-10103 0
CPU-10106 0
CPU-10112 0
CPU-10119 0
CPU-10123 0
CPU-10125 1
CPU-10126 0
CPU-10128 21
CPU-10130 0
CPU-10132 0
CPU-10136 0
CPU-10140 0
CPU-10144 0
CPU-10149 0
CPU-10150 0
CPU-10151 0
CPU-10154 0
CPU-10155 14
CPU-10162 0
CPU-10166 0
CPU-10167 0
CPU-10169 0
Wifi 38
Wifi-on true
Wifi-packets 0
Wifi-uplinkBytes 0
Wifi-downlinkBytes 0
Wifi-uplink 0
Wifi-speed 65
Wifi-state LOW
3G 0
3G-on false
GPS 0
GPS-state-times 1.0 0.0 0.0
GPS-sattelites 0
Audio 0
Audio-on false
begin 14
total-power 1208
LCD 855
LCD-brightness 236
LCD-screen-on true
LCD-10128 855
CPU 315
CPU-sys 26
CPU-usr 47
CPU-freq 500.0
CPU-0 94
CPU-1000 13
CPU-1001 6
CPU-1002 0
CPU-1013 0
CPU-1016 0
CPU-1017 0
CPU-1025 0
CPU-2000 0
CPU-3005 0
CPU-10002 0
CPU-10013 0
CPU-10016 0
CPU-10024 0
CPU-10028 0
CPU-10034 0
CPU-10040 0
CPU-10050 0
CPU-10069 0
CPU-10080 0
CPU-10082 0
CPU-10102 0
CPU-10103 0
CPU-10106 0
CPU-10123 0
CPU-10126 0
CPU-10128 101
CPU-10132 0
CPU-10144 0
CPU-10149 0
CPU-10151 0
CPU-10154 0
CPU-10155 13
CPU-10166 0
Wifi 38
Wifi-on true
Wifi-packets 0
Wifi-uplinkBytes 0
Wifi-downlinkBytes 0
Wifi-uplink 0
Wifi-speed 65
Wifi-state LOW
3G 0
3G-on false
GPS 0
GPS-state-times 1.0 0.0 0.0
GPS-sattelites 0
Audio 0
Audio-on false
associate 10116 com.android.browser@10
begin 15
total-power 1721
LCD 855
LCD-brightness 236
LCD-screen-on true
LCD-10116 855
CPU 146
CPU-sys 26
CPU-usr 8
CPU-freq 1000.0
CPU-0 32
CPU-1000 111
CPU-1001 0
CPU-1002 0
CPU-1010 0
CPU-1013 0
CPU-1014 0
CPU-1016 0
CPU-1017 0
CPU-1025 0
CPU-2000 0
CPU-3005 0
CPU-10002 0
CPU-10013 0
CPU-10016 0
CPU-10023 0
CPU-10024 0
CPU-10028 0
CPU-10034 0
CPU-10040 0
CPU-10050 0
CPU-10069 0
CPU-10071 4
CPU-10080 0
CPU-10082 0
CPU-10099 0
CPU-10102 0
CPU-10103 0
CPU-10106 0
CPU-10112 0
CPU-10119 0
CPU-10123 0
CPU-10125 0
CPU-10126 0
CPU-10128 196
CPU-10130 0
CPU-10132 0
CPU-10136 0
CPU-10140 0
CPU-10144 0
CPU-10149 0
CPU-10150 0
CPU-10151 0
CPU-10154 0
CPU-10155 13
CPU-10162 0
CPU-10166 0
CPU-10167 0
CPU-10169 0
Wifi 720
Wifi-on true
Wifi-packets 19
Wifi-uplinkBytes 3810
Wifi-downlinkBytes 962
Wifi-uplink 0
Wifi-speed 39
Wifi-state HIGH
3G 0
3G-on false
GPS 0
GPS-state-times 1.0 0.0 0.0
GPS-sattelites 0
Audio 0
Audio-on false
begin 16
total-power 1919
LCD 855
LCD-brightness 236
LCD-screen-on true
LCD-10116 855
CPU 343
CPU-sys 57
CPU-usr 22
CPU-freq 1200.0
CPU-0 83
CPU-1000 297
CPU-1001 0
CPU-1002 0
CPU-1010 0
CPU-1013 0
CPU-1014 0
CPU-1016 0
CPU-1017 0
CPU-1025 0
CPU-2000 0
CPU-3005 0
CPU-10002 0
CPU-10013 0
CPU-10016 0
CPU-10023 0
CPU-10024 0
CPU-10028 0
CPU-10034 0
CPU-10040 0
CPU-10050 0
CPU-10069 0
CPU-10071 0
CPU-10080 0
CPU-10082 0
CPU-10099 0
CPU-10102 0
CPU-10103 0
CPU-10106 0
CPU-10112 0
CPU-10116 621
CPU-10119 0
CPU-10123 0
CPU-10125 0
CPU-10126 0
CPU-10128 116
CPU-10130 0
CPU-10132 0
CPU-10136 0
CPU-10140 0
CPU-10144 0
CPU-10149 0
CPU-10150 0
CPU-10151 0
CPU-10154 0
CPU-10155 24
CPU-10162 0
CPU-10166 0
CPU-10167 0
CPU-10169 0
Wifi 721
Wifi-on true
Wifi-packets 158
Wifi-uplinkBytes 9040
Wifi-downlinkBytes 88961
Wifi-uplink 0
Wifi-speed 39
Wifi-state HIGH
Wifi-10071 38
Wifi-10116 720
Wifi-10162 38
3G 0
3G-on false
GPS 0
GPS-state-times 1.0 0.0 0.0
GPS-sattelites 0
Audio 0
Audio-on false
begin 17
total-power 1821
LCD 855
LCD-brightness 236
LCD-screen-on true
LCD-10116 855
CPU 246
CPU-sys 44
CPU-usr 13
CPU-freq 1200.0
CPU-0 65
CPU-1000 57
CPU-1001 0
CPU-1002 0
CPU-1010 0
CPU-1013 0
CPU-1014 0
CPU-1016 0
CPU-1017 0
CPU-1025 0
CPU-2000 0
CPU-3005 0
CPU-10002 0
CPU-10013 0
CPU-10016 0
CPU-10023 0
CPU-10024 0
CPU-10028 0
CPU-10034 0
CPU-10040 0
CPU-10050 0
CPU-10069 0
CPU-10071 0
CPU-10080 0
CPU-10082 0
CPU-10099 0
CPU-10102 0
CPU-10103 0
CPU-10106 0
CPU-10112 0
CPU-10116 725
CPU-10119 0
CPU-10123 0
CPU-10125 0
CPU-10126 0
CPU-10128 8
CPU-10130 0
CPU-10132 0
CPU-10136 0
CPU-10140 0
CPU-10144 0
CPU-10149 0
CPU-10150 0
CPU-10151 0
CPU-10154 0
CPU-10155 32
CPU-10162 0
CPU-10166 0
CPU-10167 0
CPU-10169 0
Wifi 720
Wifi-on true
Wifi-packets 38
Wifi-uplinkBytes 3285
Wifi-downlinkBytes 6027
Wifi-uplink 0
Wifi-speed 39
Wifi-state HIGH
Wifi-10116 720
3G 0
3G-on false
GPS 0
GPS-state-times 1.0 0.0 0.0
GPS-sattelites 0
Audio 0
Audio-on false
begin 18
total-power 1856
LCD 855
LCD-brightness 236
LCD-screen-on true
LCD-10116 855
CPU 281
CPU-sys 44
CPU-usr 21
CPU-freq 800.0
CPU-0 80
CPU-1000 26
CPU-1001 0
CPU-1002 0
CPU-1010 0
CPU-1013 0
CPU-1014 0
CPU-1016 0
CPU-1017 0
CPU-1025 0
CPU-2000 0
CPU-3005 0
CPU-10002 0
CPU-10013 0
CPU-10016 0
CPU-10023 0
CPU-10024 0
CPU-10028 0
CPU-10034 0
CPU-10040 0
CPU-10050 0
CPU-10069 0
CPU-10071 0
CPU-10080 0
CPU-10082 0
CPU-10099 0
CPU-10102 0
CPU-10103 0
CPU-10106 0
CPU-10112 0
CPU-10116 443
CPU-10119 0
CPU-10123 0
CPU-10125 0
CPU-10126 0
CPU-10128 5
CPU-10130 0
CPU-10132 0
CPU-10136 0
CPU-10140 0
CPU-10144 0
CPU-10149 0
CPU-10150 5
CPU-10151 0
CPU-10154 0
CPU-10155 16
CPU-10162 0
CPU-10166 0
CPU-10167 0
CPU-10169 0
Wifi 720
Wifi-on true
Wifi-packets 48
Wifi-uplinkBytes 3523
Wifi-downlinkBytes 14701
Wifi-uplink 0
Wifi-speed 39
Wifi-state HIGH
Wifi-10116 720
Wifi-10128 38
3G 0
3G-on false
GPS 0
GPS-state-times 1.0 0.0 0.0
GPS-sattelites 0
Audio 0
Audio-on false
begin 19
total-power 1836
LCD 855
LCD-brightness 236
LCD-screen-on true
LCD-10116 855
CPU 259
CPU-sys 47
CPU-usr 13
CPU-freq 1200.0
CPU-0 57
CPU-1000 49
CPU-1001 0
CPU-1002 0
CPU-1010 0
CPU-1013 0
CPU-1014 0
CPU-1016 0
CPU-1017 0
CPU-1025 0
CPU-2000 0
CPU-3005 0
CPU-10002 0
CPU-10013 0
CPU-10016 0
CPU-10023 0
CPU-10024 0
CPU-10028 0
CPU-10034 0
CPU-10040 0
CPU-10050 0
CPU-10069 0
CPU-10071 0
CPU-10080 0
CPU-10082 0
CPU-10099 0
CPU-10102 0
CPU-10103 0
CPU-10106 0
CPU-10112 0
CPU-10116 699
CPU-10119 0
CPU-10123 0
CPU-10125 8
CPU-10126 0
CPU-10128 0
CPU-10130 0
CPU-10132 0
CPU-10136 0
CPU-10140 0
CPU-10144 0
CPU-10149 0
CPU-10150 0
CPU-10151 0
CPU-10154 0
CPU-10155 0
CPU-10162 0
CPU-10166 0
CPU-10167 0
CPU-10169 0
Wifi 722
Wifi-on true
Wifi-packets 243
Wifi-uplinkBytes 15013
Wifi-downlinkBytes 127964
Wifi-uplink 0
Wifi-speed 39
Wifi-state HIGH
Wifi-10116 720
3G 0
3G-on false
GPS 0
GPS-state-times 1.0 0.0 0.0
GPS-sattelites 0
Audio 0
Audio-on false
begin 20
total-power 1874
meminfo 836384 17384 9896 71960
LCD 855
LCD-brightness 236
LCD-screen-on true
LCD-10116 855
CPU 295
CPU-sys 57
CPU-usr 11
CPU-freq 1200.0
CPU-0 67
CPU-1000 59
CPU-1001 0
CPU-1002 0
CPU-1010 0
CPU-1013 0
CPU-1014 0
CPU-1016 0
CPU-1017 0
CPU-1025 0
CPU-2000 0
CPU-3005 0
CPU-10002 0
CPU-10013 0
CPU-10016 0
CPU-10023 0
CPU-10024 0
CPU-10028 0
CPU-10034 0
CPU-10040 0
CPU-10050 0
CPU-10069 0
CPU-10071 0
CPU-10080 0
CPU-10082 0
CPU-10099 0
CPU-10102 0
CPU-10103 0
CPU-10106 0
CPU-10112 0
CPU-10116 847
CPU-10119 0
CPU-10123 0
CPU-10125 0
CPU-10126 0
CPU-10128 42
CPU-10130 0
CPU-10132 0
CPU-10136 0
CPU-10140 0
CPU-10144 0
CPU-10149 0
CPU-10150 0
CPU-10151 0
CPU-10154 0
CPU-10155 16
CPU-10162 0
CPU-10166 0
CPU-10167 0
CPU-10169 0
Wifi 724
Wifi-on true
Wifi-packets 504
Wifi-uplinkBytes 32731
Wifi-downlinkBytes 193465
Wifi-uplink 0
Wifi-speed 39
Wifi-state HIGH
Wifi-10116 722
3G 0
3G-on false
GPS 0
GPS-state-times 1.0 0.0 0.0
GPS-sattelites 0
Audio 0
Audio-on false
begin 21
total-power 1880
LCD 855
LCD-brightness 236
LCD-screen-on true
LCD-10116 855
CPU 303
CPU-sys 51
CPU-usr 19
CPU-freq 1200.0
CPU-0 50
CPU-1000 41
CPU-1001 0
CPU-1002 0
CPU-1010 0
CPU-1013 0
CPU-1014 0
CPU-1016 0
CPU-1017 0
CPU-1025 0
CPU-2000 0
CPU-3005 0
CPU-10002 0
CPU-10013 0
CPU-10016 0
CPU-10023 0
CPU-10024 0
CPU-10028 0
CPU-10034 0
CPU-10040 0
CPU-10050 0
CPU-10069 0
CPU-10071 0
CPU-10080 0
CPU-10082 0
CPU-10099 0
CPU-10102 0
CPU-10103 0
CPU-10106 0
CPU-10112 0
CPU-10116 832
CPU-10119 0
CPU-10123 0
CPU-10125 0
CPU-10126 0
CPU-10128 0
CPU-10130 0
CPU-10132 0
CPU-10136 0
CPU-10140 0
CPU-10144 0
CPU-10149 0
CPU-10150 0
CPU-10151 0
CPU-10154 0
CPU-10155 25
CPU-10162 0
CPU-10166 0
CPU-10167 0
CPU-10169 0
Wifi 722
Wifi-on true
Wifi-packets 197
Wifi-uplinkBytes 16006
Wifi-downlinkBytes 63543
Wifi-uplink 0
Wifi-speed 39
Wifi-state HIGH
Wifi-10116 721
Wifi-10128 38
3G 0
3G-on false
GPS 0
GPS-state-times 1.0 0.0 0.0
GPS-sattelites 0
Audio 0
Audio-on false
begin 22
total-power 1821
LCD 855
LCD-brightness 236
LCD-screen-on true
LCD-10116 855
CPU 245
CPU-sys 39
CPU-usr 18
CPU-freq 500.0
CPU-0 20
CPU-1000 20
CPU-1001 0
CPU-1002 0
CPU-1010 3
CPU-1013 0
CPU-1014 0
CPU-1016 0
CPU-1017 0
CPU-1025 0
CPU-2000 0
CPU-3005 0
CPU-10002 0
CPU-10013 0
CPU-10016 0
CPU-10023 0
CPU-10024 0
CPU-10028 0
CPU-10034 0
CPU-10040 0
CPU-10050 0
CPU-10069 0
CPU-10071 0
CPU-10080 0
CPU-10082 0
CPU-10099 0
CPU-10102 0
CPU-10103 0
CPU-10106 0
CPU-10112 0
CPU-10116 270
CPU-10119 0
CPU-10123 0
CPU-10125 0
CPU-10126 0
CPU-10128 0
CPU-10130 0
CPU-10132 0
CPU-10136 0
CPU-10140 0
CPU-10144 0
CPU-10149 0
CPU-10150 0
CPU-10151 0
CPU-10154 0
CPU-10155 10
CPU-10162 0
CPU-10166 0
CPU-10167 0
CPU-10169 0
Wifi 721
Wifi-on true
Wifi-packets 107
Wifi-uplinkBytes 7461
Wifi-downlinkBytes 31825
Wifi-uplink 0
Wifi-speed 39
Wifi-state HIGH
Wifi-10116 720
3G 0
3G-on false
GPS 0
GPS-state-times 1.0 0.0 0.0
GPS-sattelites 0
Audio 0
Audio-on false
begin 23
total-power 1722
LCD 855
LCD-brightness 236
LCD-screen-on true
LCD-10116 855
CPU 147
CPU-sys 30
CPU-usr 5
CPU-freq 500.0
CPU-0 27
CPU-1000 17
CPU-1001 3
CPU-1002 0
CPU-1010 0
CPU-1013 3
CPU-1014 0
CPU-1016 0
CPU-1017 0
CPU-1025 0
CPU-2000 0
CPU-3005 0
CPU-10002 0
CPU-10013 0
CPU-10016 0
CPU-10023 0
CPU-10024 0
CPU-10028 0
CPU-10034 0
CPU-10040 0
CPU-10050 0
CPU-10069 0
CPU-10071 0
CPU-10080 0
CPU-10082 0
CPU-10099 0
CPU-10102 0
CPU-10103 0
CPU-10106 0
CPU-10112 0
CPU-10116 191
CPU-10119 0
CPU-10123 0
CPU-10125 0
CPU-10126 0
CPU-10128 0
CPU-10130 0
CPU-10132 0
CPU-10136 0
CPU-10140 0
CPU-10144 0
CPU-10149 0
CPU-10150 0
CPU-10151 0
CPU-10154 0
CPU-10155 24
CPU-10162 0
CPU-10166 0
CPU-10167 0
CPU-10169 0
Wifi 720
Wifi-on true
Wifi-packets 22
Wifi-uplinkBytes 2069
Wifi-downlinkBytes 7802
Wifi-uplink 0
Wifi-speed 39
Wifi-state HIGH
Wifi-10116 720
3G 0
3G-on false
GPS 0
GPS-state-times 1.0 0.0 0.0
GPS-sattelites 0
Audio 0
Audio-on false
begin 24
total-power 1742
LCD 855
LCD-brightness 236
LCD-screen-on true
LCD-10116 855
CPU 167
CPU-sys 25
CPU-usr 14
CPU-freq 1200.0
CPU-0 33
CPU-1000 91
CPU-1001 0
CPU-1002 0
CPU-1010 0
CPU-1013 0
CPU-1014 0
CPU-1016 0
CPU-1017 0
CPU-1025 0
CPU-2000 0
CPU-3005 0
CPU-10002 0
CPU-10013 0
CPU-10016 0
CPU-10023 0
CPU-10024 0
CPU-10028 0
CPU-10034 0
CPU-10040 0
CPU-10050 0
CPU-10069 0
CPU-10071 0
CPU-10080 0
CPU-10082 0
CPU-10099 0
CPU-10102 0
CPU-10103 0
CPU-10106 0
CPU-10112 0
CPU-10116 369
CPU-10119 0
CPU-10123 0
CPU-10125 8
CPU-10126 0
CPU-10128 0
CPU-10130 0
CPU-10132 0
CPU-10136 0
CPU-10140 0
CPU-10144 0
CPU-10149 0
CPU-10150 0
CPU-10151 0
CPU-10154 0
CPU-10155 24
CPU-10162 0
CPU-10166 0
CPU-10167 0
CPU-10169 0
Wifi 720
Wifi-on true
Wifi-packets 61
Wifi-uplinkBytes 2134
Wifi-downlinkBytes 42140
Wifi-uplink 0
Wifi-speed 39
Wifi-state HIGH
Wifi-10116 720
3G 0
3G-on false
GPS 0
GPS-state-times 1.0 0.0 0.0
GPS-sattelites 0
Audio 0
Audio-on false
begin 25
total-power 1082
LCD 855
LCD-brightness 236
LCD-screen-on true
LCD-10116 855
CPU 189
CPU-sys 30
CPU-usr 13
CPU-freq 800.0
CPU-0 43
CPU-1000 49
CPU-1001 0
CPU-1002 0
CPU-1010 0
CPU-1013 0
CPU-1014 0
CPU-1016 0
CPU-1017 0
CPU-1025 0
CPU-2000 0
CPU-3005 0
CPU-10002 0
CPU-10013 0
CPU-10016 0
CPU-10023 0
CPU-10024 0
CPU-10028 0
CPU-10034 0
CPU-10040 0
CPU-10050 0
CPU-10069 0
CPU-10071 0
CPU-10080 0
CPU-10082 0
CPU-10099 0
CPU-10102 0
CPU-10103 0
CPU-10106 0
CPU-10112 0
CPU-10116 332
CPU-10119 0
CPU-10123 0
CPU-10125 0
CPU-10126 0
CPU-10128 21
CPU-10130 0
CPU-10132 0
CPU-10136 0
CPU-10140 0
CPU-10144 0
CPU-10149 0
CPU-10150 0
CPU-10151 0
CPU-10154 0
CPU-10155 5
CPU-10162 0
CPU-10166 0
CPU-10167 0
CPU-10169 0
Wifi 38
Wifi-on true
Wifi-packets 6
Wifi-uplinkBytes 1182
Wifi-downlinkBytes 781
Wifi-uplink 0
Wifi-speed 39
Wifi-state LOW
Wifi-10116 38
3G 0
3G-on false
GPS 0
GPS-state-times 1.0 0.0 0.0
GPS-sattelites 0
Audio 0
Audio-on false
battery-change 0 12/100 3475150
begin 26
total-power 1694
LCD 855
LCD-brightness 236
LCD-screen-on true
LCD-10116 855
CPU 119
CPU-sys 20
CPU-usr 15
CPU-freq 200.0
CPU-0 4
CPU-1000 32
CPU-1001 0
CPU-1002 0
CPU-1010 0
CPU-1013 0
CPU-1014 0
CPU-1016 0
CPU-1017 0
CPU-1025 0
CPU-2000 0
CPU-3005 0
CPU-10002 0
CPU-10013 0
CPU-10016 0
CPU-10023 0
CPU-10024 0
CPU-10028 0
CPU-10034 0
CPU-10040 0
CPU-10050 0
CPU-10069 0
CPU-10071 0
CPU-10080 0
CPU-10082 0
CPU-10099 0
CPU-10102 0
CPU-10103 0
CPU-10106 0
CPU-10112 0
CPU-10116 93
CPU-10119 0
CPU-10123 0
CPU-10125 1
CPU-10126 0
CPU-10128 0
CPU-10130 0
CPU-10132 0
CPU-10136 0
CPU-10140 0
CPU-10144 0
CPU-10149 0
CPU-10150 0
CPU-10151 0
CPU-10154 0
CPU-10155 10
CPU-10162 0
CPU-10166 0
CPU-10167 0
CPU-10169 0
Wifi 720
Wifi-on true
Wifi-packets 56
Wifi-uplinkBytes 2967
Wifi-downlinkBytes 35263
Wifi-uplink 0
Wifi-speed 39
Wifi-state HIGH
Wifi-10116 720
3G 0
3G-on false
GPS 0
GPS-state-times 1.0 0.0 0.0
GPS-sattelites 0
Audio 0
Audio-on false
begin 27
total-power 1004
LCD 855
LCD-brightness 236
LCD-screen-on true
LCD-10116 855
CPU 111
CPU-sys 21
CPU-usr 4
CPU-freq 500.0
CPU-0 37
CPU-1000 75
CPU-1001 0
CPU-1002 0
CPU-1010 3
CPU-1013 0
CPU-1014 0
CPU-1016 0
CPU-1017 0
CPU-1025 0
CPU-2000 0
CPU-3005 0
CPU-10002 0
CPU-10013 0
CPU-10016 0
CPU-10023 0
CPU-10024 0
CPU-10028 0
CPU-10034 0
CPU-10040 0
CPU-10050 0
CPU-10069 0
CPU-10071 0
CPU-10080 0
CPU-10082 0
CPU-10099 0
CPU-10102 0
CPU-10103 0
CPU-10106 0
CPU-10112 0
CPU-10116 124
CPU-10119 0
CPU-10123 0
CPU-10125 0
CPU-10126 0
CPU-10128 0
CPU-10130 0
CPU-10132 0
CPU-10136 0
CPU-10140 0
CPU-10144 0
CPU-10149 0
CPU-10150 0
CPU-10151 0
CPU-10154 0
CPU-10155 17
CPU-10162 0
CPU-10166 0
CPU-10167 0
CPU-10169 0
Wifi 38
Wifi-on true
Wifi-packets 0
Wifi-uplinkBytes 0
Wifi-downlinkBytes 0
Wifi-uplink 0
Wifi-speed 39
Wifi-state LOW
3G 0
3G-on false
GPS 0
GPS-state-times 1.0 0.0 0.0
GPS-sattelites 0
Audio 0
Audio-on false
begin 28
total-power 1011
LCD 855
LCD-brightness 236
LCD-screen-on true
LCD-10116 855
CPU 118
CPU-sys 26
CPU-usr 1
CPU-freq 500.0
CPU-0 16
CPU-1000 74
CPU-1001 0
CPU-1002 0
CPU-1010 0
CPU-1013 0
CPU-1014 0
CPU-1016 0
CPU-1017 0
CPU-1025 0
CPU-2000 0
CPU-3005 0
CPU-10002 0
CPU-10013 0
CPU-10016 0
CPU-10023 0
CPU-10024 0
CPU-10028 0
CPU-10034 0
CPU-10040 0
CPU-10050 0
CPU-10069 0
CPU-10071 0
CPU-10080 0
CPU-10082 0
CPU-10099 0
CPU-10102 0
CPU-10103 0
CPU-10106 0
CPU-10112 3
CPU-10116 173
CPU-10119 0
CPU-10123 0
CPU-10125 0
CPU-10126 0
CPU-10128 0
CPU-10130 0
CPU-10132 0
CPU-10136 0
CPU-10140 0
CPU-10144 0
CPU-10149 0
CPU-10150 0
CPU-10151 0
CPU-10154 0
CPU-10155 6
CPU-10162 0
CPU-10166 0
CPU-10167 0
CPU-10169 0
Wifi 38
Wifi-on true
Wifi-packets 8
Wifi-uplinkBytes 317
Wifi-downlinkBytes 147
Wifi-uplink 0
Wifi-speed 39
Wifi-state LOW
3G 0
3G-on false
GPS 0
GPS-state-times 1.0 0.0 0.0
GPS-sattelites 0
Audio 0
Audio-on false
begin 29
total-power 1009
LCD 855
LCD-brightness 236
LCD-screen-on true
LCD-10116 855
CPU 116
CPU-sys 34
CPU-usr 0
CPU-freq 200.0
CPU-0 8
CPU-1000 27
CPU-1001 0
CPU-1002 0
CPU-1010 0
CPU-1013 0
CPU-1014 0
CPU-1016 0
CPU-1017 0
CPU-1025 0
CPU-2000 0
CPU-3005 0
CPU-10002 0
CPU-10013 0
CPU-10016 0
CPU-10023 0
CPU-10024 0
CPU-10028 0
CPU-10034 0
CPU-10040 0
CPU-10050 0
CPU-10069 0
CPU-10071 0
CPU-10080 0
CPU-10082 0
CPU-10099 0
CPU-10102 0
CPU-10103 0
CPU-10106 0
CPU-10112 0
CPU-10116 92
CPU-10119 0
CPU-10123 0
CPU-10125 0
CPU-10126 0
CPU-10128 0
CPU-10130 0
CPU-10132 0
CPU-10136 0
CPU-10140 0
CPU-10144 0
CPU-10149 0
CPU-10150 0
CPU-10151 0
CPU-10154 0
CPU-10155 9
CPU-10162 0
CPU-10166 0
CPU-10167 0
CPU-10169 0
Wifi 38
Wifi-on true
Wifi-packets 0
Wifi-uplinkBytes 0
Wifi-downlinkBytes 0
Wifi-uplink 0
Wifi-speed 39
Wifi-state LOW
Wifi-10116 38
3G 0
3G-on false
GPS 0
GPS-state-times 1.0 0.0 0.0
GPS-sattelites 0
Audio 0
Audio-on false
begin 30
total-power 983
meminfo 836384 20064 9864 67540
LCD 855
LCD-brightness 236
LCD-screen-on true
LCD-10116 855
CPU 90
CPU-sys 20
CPU-usr 1
CPU-freq 500.0
CPU-0 29
CPU-1000 72
CPU-1001 0
CPU-1002 0
CPU-1010 0
CPU-1013 0
CPU-1014 0
CPU-1016 0
CPU-1017 0
CPU-1025 0
CPU-2000 0
CPU-3005 0
CPU-10002 0
CPU-10013 0
CPU-10016 0
CPU-10023 0
CPU-10024 0
CPU-10028 0
CPU-10034 0
CPU-10040 0
CPU-10050 0
CPU-10069 0
CPU-10071 0
CPU-10080 0
CPU-10082 0
CPU-10099 0
CPU-10102 0
CPU-10103 0
CPU-10106 0
CPU-10112 0
CPU-10116 82
CPU-10119 0
CPU-10123 0
CPU-10125 0
CPU-10126 0
CPU-10128 0
CPU-10130 0
CPU-10132 0
CPU-10136 0
CPU-10140 0
CPU-10144 3
CPU-10149 0
CPU-10150 0
CPU-10151 0
CPU-10154 0
CPU-10155 26
CPU-10162 0
CPU-10166 0
CPU-10167 0
CPU-10169 0
Wifi 38
Wifi-on true
Wifi-packets 12
Wifi-uplinkBytes 433
Wifi-downlinkBytes 200
Wifi-uplink 0
Wifi-speed 58
Wifi-state LOW
Wifi-10116 38
3G 0
3G-on false
GPS 0
GPS-state-times 1.0 0.0 0.0
GPS-sattelites 0
Audio 0
Audio-on false
begin 31
total-power 992
LCD 855
LCD-brightness 236
LCD-screen-on true
LCD-10128 855
CPU 99
CPU-sys 19
CPU-usr 4
CPU-freq 800.0
CPU-0 11
CPU-1000 77
CPU-1001 0
CPU-1002 0
CPU-1010 0
CPU-1013 0
CPU-1014 0
CPU-1016 0
CPU-1017 0
CPU-1025 0
CPU-2000 0
CPU-3005 0
CPU-10002 0
CPU-10013 0
CPU-10016 0
CPU-10023 0
CPU-10024 0
CPU-10028 0
CPU-10034 0
CPU-10040 0
CPU-10050 0
CPU-10069 0
CPU-10071 0
CPU-10080 0
CPU-10082 0
CPU-10099 0
CPU-10102 0
CPU-10103 0
CPU-10106 0
CPU-10112 0
CPU-10116 193
CPU-10119 0
CPU-10123 0
CPU-10125 11
CPU-10126 0
CPU-10128 0
CPU-10130 0
CPU-10132 0
CPU-10136 0
CPU-10140 0
CPU-10144 0
CPU-10149 0
CPU-10150 0
CPU-10151 0
CPU-10154 0
CPU-10155 11
CPU-10162 0
CPU-10166 0
CPU-10167 0
CPU-10169 0
Wifi 38
Wifi-on true
Wifi-packets 0
Wifi-uplinkBytes 0
Wifi-downlinkBytes 0
Wifi-uplink 0
Wifi-speed 58
Wifi-state LOW
3G 0
3G-on false
GPS 0
GPS-state-times 1.0 0.0 0.0
GPS-sattelites 0
Audio 0
Audio-on false
begin 32
total-power 1837
LCD 855
LCD-brightness 236
LCD-screen-on true
LCD-10128 855
CPU 262
CPU-sys 31
CPU-usr 29
CPU-freq 500.0
CPU-0 64
CPU-1000 57
CPU-1001 3
CPU-1002 0
CPU-1010 3
CPU-1013 0
CPU-1014 0
CPU-1016 0
CPU-1017 0
CPU-1025 0
CPU-2000 0
CPU-3005 0
CPU-10002 0
CPU-10013 0
CPU-10016 0
CPU-10023 0
CPU-10024 0
CPU-10028 0
CPU-10034 0
CPU-10040 0
CPU-10050 0
CPU-10069 0
CPU-10071 0
CPU-10080 0
CPU-10082 0
CPU-10099 0
CPU-10102 0
CPU-10103 0
CPU-10106 0
CPU-10112 0
CPU-10116 6
CPU-10119 0
CPU-10123 0
CPU-10125 0
CPU-10126 0
CPU-10128 0
CPU-10130 0
CPU-10132 0
CPU-10136 0
CPU-10140 0
CPU-10144 0
CPU-10149 0
CPU-10150 0
CPU-10151 0
CPU-10154 0
CPU-10155 13
CPU-10162 0
CPU-10166 0
CPU-10167 0
Wifi 720
Wifi-on true
Wifi-packets 32
Wifi-uplinkBytes 10015
Wifi-downlinkBytes 4326
Wifi-uplink 0
Wifi-speed 58
Wifi-state HIGH
Wifi-10128 720
3G 0
3G-on false
GPS 0
GPS-state-times 1.0 0.0 0.0
GPS-sattelites 0
Audio 0
Audio-on false
begin 33
total-power 1173
LCD 855
LCD-brightness 236
LCD-screen-on true
LCD-10128 855
CPU 280
CPU-sys 30
CPU-usr 34
CPU-freq 1200.0
CPU-0 167
CPU-1000 79
CPU-1001 0
CPU-1002 0
CPU-1010 0
CPU-1013 0
CPU-1014 0
CPU-1016 0
CPU-1017 0
CPU-1025 0
CPU-2000 0
CPU-3005 0
CPU-10002 0
CPU-10013 0
CPU-10016 0
CPU-10023 0
CPU-10024 0
CPU-10028 0
CPU-10034 0
CPU-10040 0
CPU-10050 0
CPU-10069 0
CPU-10071 0
CPU-10080 0
CPU-10082 0
CPU-10099 0
CPU-10102 0
CPU-10103 0
CPU-10106 0
CPU-10112 0
CPU-10116 15
CPU-10119 0
CPU-10123 0
CPU-10125 7
CPU-10126 0
CPU-10128 0
CPU-10130 0
CPU-10132 0
CPU-10136 0
CPU-10140 0
CPU-10144 0
CPU-10149 0
CPU-10150 0
CPU-10151 0
CPU-10154 0
CPU-10155 7
CPU-10162 0
CPU-10166 0
CPU-10167 0
CPU-10169 0
Wifi 38
Wifi-on true
Wifi-packets 0
Wifi-uplinkBytes 0
Wifi-downlinkBytes 0
Wifi-uplink 0
Wifi-speed 58
Wifi-state LOW
3G 0
3G-on false
GPS 0
GPS-state-times 1.0 0.0 0.0
GPS-sattelites 0
Audio 0
Audio-on false
begin 34
total-power 1172
LCD 855
LCD-brightness 236
LCD-screen-on true
LCD-10128 855
CPU 279
CPU-sys 28
CPU-usr 37
CPU-freq 1200.0
CPU-0 156
CPU-1000 32
CPU-1001 0
CPU-1002 0
CPU-1010 0
CPU-1013 0
CPU-1014 0
CPU-1016 0
CPU-1017 0
CPU-1025 0
CPU-2000 0
CPU-3005 0
CPU-10002 0
CPU-10013 0
CPU-10016 0
CPU-10023 0
CPU-10024 0
CPU-10028 0
CPU-10034 0
CPU-10040 0
CPU-10050 0
CPU-10069 0
CPU-10071 0
CPU-10080 0
CPU-10082 0
CPU-10099 0
CPU-10102 0
CPU-10103 0
CPU-10106 0
CPU-10112 0
CPU-10116 0
CPU-10119 0
CPU-10123 0
CPU-10125 0
CPU-10126 0
CPU-10128 1324
CPU-10130 0
CPU-10132 0
CPU-10136 0
CPU-10140 0
CPU-10144 0
CPU-10149 0
CPU-10150 0
CPU-10151 0
CPU-10154 0
CPU-10155 8
CPU-10162 0
CPU-10166 0
CPU-10167 0
CPU-10169 0
Wifi 38
Wifi-on true
Wifi-packets 12
Wifi-uplinkBytes 420
Wifi-downlinkBytes 5987
Wifi-uplink 0
Wifi-speed 58
Wifi-state LOW
Wifi-10128 38
3G 0
3G-on false
GPS 0
GPS-state-times 1.0 0.0 0.0
GPS-sattelites 0
Audio 0
Audio-on false
begin 35
total-power 1114
LCD 855
LCD-brightness 236
LCD-screen-on true
LCD-10128 855
CPU 221
CPU-sys 14
CPU-usr 37
CPU-freq 500.0
CPU-0 71
CPU-1000 23
CPU-1001 0
CPU-1002 0
CPU-1010 0
CPU-1013 0
CPU-1014 0
CPU-1016 0
CPU-1017 0
CPU-1025 0
CPU-2000 0
CPU-3005 0
CPU-10002 0
CPU-10013 0
CPU-10016 0
CPU-10023 0
CPU-10024 0
CPU-10028 0
CPU-10034 0
CPU-10040 0
CPU-10050 0
CPU-10069 0
CPU-10071 0
CPU-10080 3
CPU-10082 0
CPU-10099 0
CPU-10102 0
CPU-10103 0
CPU-10106 0
CPU-10112 0
CPU-10116 0
CPU-10119 0
CPU-10123 0
CPU-10125 6
CPU-10126 0
CPU-10128 116
CPU-10130 0
CPU-10132 0
CPU-10136 0
CPU-10140 0
CPU-10144 0
CPU-10149 0
CPU-10150 0
CPU-10151 0
CPU-10154 0
CPU-10155 13
CPU-10162 0
CPU-10166 0
CPU-10167 0
CPU-10169 0
Wifi 38
Wifi-on true
Wifi-packets 3
Wifi-uplinkBytes 176
Wifi-downlinkBytes 104
Wifi-uplink 0
Wifi-speed 58
Wifi-state LOW
3G 0
3G-on false
GPS 0
GPS-state-times 1.0 0.0 0.0
GPS-sattelites 0
Audio 0
Audio-on false
begin 36
total-power 997
LCD 855
LCD-brightness 236
LCD-screen-on true
LCD-10128 855
CPU 104
CPU-sys 8
CPU-usr 16
CPU-freq 800.0
CPU-0 43
CPU-1000 37
CPU-1001 0
CPU-1002 0
CPU-1010 0
CPU-1013 0
CPU-1014 0
CPU-1016 0
CPU-1017 0
CPU-1025 0
CPU-2000 0
CPU-3005 0
CPU-10002 0
CPU-10013 0
CPU-10016 0
CPU-10023 0
CPU-10024 0
CPU-10028 0
CPU-10034 0
CPU-10040 0
CPU-10050 0
CPU-10069 0
CPU-10071 0
CPU-10080 0
CPU-10082 0
CPU-10099 0
CPU-10102 0
CPU-10103 0
CPU-10106 0
CPU-10112 0
CPU-10116 0
CPU-10119 0
CPU-10123 0
CPU-10125 0
CPU-10126 0
CPU-10128 123
CPU-10130 0
CPU-10132 0
CPU-10136 0
CPU-10140 0
CPU-10144 0
CPU-10149 0
CPU-10150 0
CPU-10151 0
CPU-10154 0
CPU-10155 10
CPU-10162 0
CPU-10166 0
CPU-10167 0
CPU-10169 0
Wifi 38
Wifi-on true
Wifi-packets 2
Wifi-uplinkBytes 46
Wifi-downlinkBytes 28
Wifi-uplink 0
Wifi-speed 58
Wifi-state LOW
3G 0
3G-on false
GPS 0
GPS-state-times 1.0 0.0 0.0
GPS-sattelites 0
Audio 0
Audio-on false
begin 37
total-power 933
LCD 855
LCD-brightness 236
LCD-screen-on true
LCD-10128 855
CPU 40
CPU-sys 2
CPU-usr 10
CPU-freq 200.0
CPU-0 9
CPU-1000 2
CPU-1001 0
CPU-1002 0
CPU-1010 1
CPU-1013 0
CPU-1014 0
CPU-1016 0
CPU-1017 0
CPU-1025 0
CPU-2000 1
CPU-3005 0
CPU-10002 0
CPU-10013 0
CPU-10016 0
CPU-10023 0
CPU-10024 0
CPU-10028 0
CPU-10034 0
CPU-10040 0
CPU-10050 0
CPU-10069 0
CPU-10071 0
CPU-10080 0
CPU-10082 0
CPU-10099 0
CPU-10102 0
CPU-10103 0
CPU-10106 0
CPU-10112 0
CPU-10116 0
CPU-10119 0
CPU-10123 0
CPU-10125 1
CPU-10126 0
CPU-10128 2
CPU-10130 0
CPU-10132 0
CPU-10136 0
CPU-10140 0
CPU-10144 0
CPU-10149 0
CPU-10150 0
CPU-10151 0
CPU-10154 0
CPU-10155 17
CPU-10162 0
CPU-10166 0
CPU-10167 0
CPU-10169 0
Wifi 38
Wifi-on true
Wifi-packets 2
Wifi-uplinkBytes 0
Wifi-downlinkBytes 302
Wifi-uplink 0
Wifi-speed 58
Wifi-state LOW
Wifi-10125 38
3G 0
3G-on false
GPS 0
GPS-state-times 1.0 0.0 0.0
GPS-sattelites 0
Audio 0
Audio-on false
begin 38
total-power 908
LCD 855
LCD-brightness 236
LCD-screen-on true
LCD-10128 855
CPU 15
CPU-sys 4
CPU-usr 0
CPU-freq 200.0
CPU-0 0
CPU-1000 1
CPU-1001 0
CPU-1002 0
CPU-1010 0
CPU-1013 0
CPU-1014 0
CPU-1016 0
CPU-1017 0
CPU-1025 0
CPU-2000 0
CPU-3005 0
CPU-10002 0
CPU-10013 0
CPU-10016 0
CPU-10023 0
CPU-10024 0
CPU-10028 0
CPU-10034 0
CPU-10040 0
CPU-10050 0
CPU-10069 0
CPU-10071 0
CPU-10080 0
CPU-10082 0
CPU-10099 0
CPU-10102 0
CPU-10103 0
CPU-10106 0
CPU-10112 0
CPU-10116 0
CPU-10119 0
CPU-10123 0
CPU-10125 0
CPU-10126 0
CPU-10128 1
CPU-10130 0
CPU-10132 0
CPU-10136 0
CPU-10140 0
CPU-10144 0
CPU-10149 0
CPU-10150 0
CPU-10151 0
CPU-10154 0
CPU-10155 8
CPU-10162 0
CPU-10166 0
CPU-10167 0
CPU-10169 0
Wifi 38
Wifi-on true
Wifi-packets 0
Wifi-uplinkBytes 0
Wifi-downlinkBytes 0
Wifi-uplink 0
Wifi-speed 58
Wifi-state LOW
3G 0
3G-on false
GPS 0
GPS-state-times 1.0 0.0 0.0
GPS-sattelites 0
Audio 0
Audio-on false
begin 39
total-power 983
LCD 855
LCD-brightness 236
LCD-screen-on true
LCD-10128 855
CPU 90
CPU-sys 21
CPU-usr 0
CPU-freq 1200.0
CPU-0 21
CPU-1000 21
CPU-1001 0
CPU-1002 0
CPU-1013 0
CPU-1016 0
CPU-1017 0
CPU-1025 0
CPU-2000 0
CPU-3005 0
CPU-10002 0
CPU-10013 0
CPU-10016 0
CPU-10024 0
CPU-10028 0
CPU-10034 0
CPU-10040 0
CPU-10050 0
CPU-10069 0
CPU-10080 0
CPU-10082 0
CPU-10102 0
CPU-10103 0
CPU-10106 0
CPU-10123 0
CPU-10126 0
CPU-10128 257
CPU-10132 0
CPU-10144 0
CPU-10149 0
CPU-10151 0
CPU-10154 0
CPU-10155 10
CPU-10166 0
Wifi 38
Wifi-on true
Wifi-packets 0
Wifi-uplinkBytes 0
Wifi-downlinkBytes 0
Wifi-uplink 0
Wifi-speed 58
Wifi-state LOW
3G 0
3G-on false
GPS 0
GPS-state-times 1.0 0.0 0.0
GPS-sattelites 0
Audio 0
Audio-on false
begin 40
total-power 905
meminfo 836384 19688 10836 69276
LCD 855
LCD-brightness 236
LCD-screen-on true
LCD-10128 855
CPU 12
CPU-sys 4
CPU-usr 0
CPU-freq 200.0
CPU-0 1
CPU-1000 2
CPU-1001 0
CPU-1002 0
CPU-1010 0
CPU-1013 0
CPU-1014 0
CPU-1016 0
CPU-1017 0
CPU-1025 0
CPU-2000 0
CPU-3005 0
CPU-10002 0
CPU-10013 0
CPU-10016 0
CPU-10023 0
CPU-10024 0
CPU-10028 0
CPU-10034 0
CPU-10040 0
CPU-10050 0
CPU-10069 0
CPU-10071 0
CPU-10080 0
CPU-10082 0
CPU-10099 0
CPU-10102 0
CPU-10103 0
CPU-10106 0
CPU-10112 0
CPU-10116 0
CPU-10119 0
CPU-10123 0
CPU-10125 1
CPU-10126 0
CPU-10128 7
CPU-10130 0
CPU-10132 0
CPU-10136 0
CPU-10140 0
CPU-10144 0
CPU-10149 0
CPU-10150 0
CPU-10151 0
CPU-10154 0
CPU-10155 6
CPU-10162 0
CPU-10166 0
CPU-10167 0
CPU-10169 0
Wifi 38
Wifi-on true
Wifi-packets 0
Wifi-uplinkBytes 0
Wifi-downlinkBytes 0
Wifi-uplink 0
Wifi-speed 58
Wifi-state LOW
3G 0
3G-on false
GPS 0
GPS-state-times 1.0 0.0 0.0
GPS-sattelites 0
Audio 0
Audio-on false
begin 41
total-power 915
LCD 855
LCD-brightness 236
LCD-screen-on true
LCD-10128 855
CPU 22
CPU-sys 7
CPU-usr 0
CPU-freq 200.0
CPU-0 0
CPU-1000 2
CPU-1001 1
CPU-1002 0
CPU-1010 0
CPU-1013 0
CPU-1014 0
CPU-1016 0
CPU-1017 0
CPU-1025 0
CPU-2000 0
CPU-3005 0
CPU-10002 0
CPU-10013 0
CPU-10016 0
CPU-10023 0
CPU-10024 0
CPU-10028 0
CPU-10034 0
CPU-10040 0
CPU-10050 0
CPU-10069 0
CPU-10071 0
CPU-10080 0
CPU-10082 0
CPU-10099 0
CPU-10102 0
CPU-10103 0
CPU-10106 0
CPU-10112 0
CPU-10116 0
CPU-10119 0
CPU-10123 0
CPU-10125 0
CPU-10126 0
CPU-10128 0
CPU-10130 0
CPU-10132 0
CPU-10136 0
CPU-10140 0
CPU-10144 0
CPU-10149 0
CPU-10150 0
CPU-10151 0
CPU-10154 0
CPU-10155 14
CPU-10162 0
CPU-10166 0
CPU-10167 0
CPU-10169 0
Wifi 38
Wifi-on true
Wifi-packets 0
Wifi-uplinkBytes 0
Wifi-downlinkBytes 0
Wifi-uplink 0
Wifi-speed 58
Wifi-state LOW
3G 0
3G-on false
GPS 0
GPS-state-times 1.0 0.0 0.0
GPS-sattelites 0
Audio 0
Audio-on false
begin 42
total-power 929
LCD 855
LCD-brightness 236
LCD-screen-on true
LCD-10128 855
CPU 36
CPU-sys 7
CPU-usr 4
CPU-freq 200.0
CPU-0 0
CPU-1000 6
CPU-1001 0
CPU-1002 0
CPU-1013 0
CPU-1016 0
CPU-1017 0
CPU-1025 0
CPU-2000 0
CPU-3005 0
CPU-10002 0
CPU-10013 0
CPU-10016 0
CPU-10024 0
CPU-10028 0
CPU-10034 0
CPU-10040 0
CPU-10050 0
CPU-10069 0
CPU-10080 0
CPU-10082 0
CPU-10102 0
CPU-10103 0
CPU-10106 0
CPU-10116 0
CPU-10123 0
CPU-10126 0
CPU-10128 4
CPU-10132 0
CPU-10144 0
CPU-10149 0
CPU-10151 0
CPU-10154 0
CPU-10155 22
CPU-10166 0
Wifi 38
Wifi-on true
Wifi-packets 0
Wifi-uplinkBytes 0
Wifi-downlinkBytes 0
Wifi-uplink 0
Wifi-speed 58
Wifi-state LOW
3G 0
3G-on false
GPS 0
GPS-state-times 1.0 0.0 0.0
GPS-sattelites 0
Audio 0
Audio-on false
begin 43
total-power 964
LCD 855
LCD-brightness 236
LCD-screen-on true
LCD-10024 855
CPU 71
CPU-sys 14
CPU-usr 3
CPU-freq 500.0
CPU-0 5
CPU-1000 50
CPU-1001 2
CPU-1002 0
CPU-1010 0
CPU-1013 0
CPU-1014 0
CPU-1016 0
CPU-1017 0
CPU-1025 0
CPU-2000 0
CPU-3005 0
CPU-10002 0
CPU-10013 0
CPU-10016 0
CPU-10023 0
CPU-10024 25
CPU-10028 0
CPU-10034 0
CPU-10040 0
CPU-10050 0
CPU-10069 0
CPU-10071 0
CPU-10080 0
CPU-10082 0
CPU-10099 2
CPU-10102 0
CPU-10103 0
CPU-10106 0
CPU-10112 0
CPU-10116 0
CPU-10119 0
CPU-10123 0
CPU-10125 0
CPU-10126 0
CPU-10128 20
CPU-10130 0
CPU-10132 0
CPU-10136 0
CPU-10140 0
CPU-10144 0
CPU-10149 0
CPU-10150 0
CPU-10151 0
CPU-10154 0
CPU-10155 35
CPU-10162 0
CPU-10166 0
CPU-10167 0
CPU-10169 0
Wifi 38
Wifi-on true
Wifi-packets 0
Wifi-uplinkBytes 0
Wifi-downlinkBytes 0
Wifi-uplink 0
Wifi-speed 58
Wifi-state LOW
3G 0
3G-on false
GPS 0
GPS-state-times 1.0 0.0 0.0
GPS-sattelites 0
Audio 0
Audio-on false
begin 44
total-power 1027
LCD 855
LCD-brightness 236
LCD-screen-on true
LCD-10024 855
CPU 134
CPU-sys 21
CPU-usr 10
CPU-freq 800.0
CPU-0 43
CPU-1000 81
CPU-1001 0
CPU-1002 0
CPU-1010 0
CPU-1013 0
CPU-1014 0
CPU-1016 0
CPU-1017 0
CPU-1025 0
CPU-2000 0
CPU-3005 0
CPU-10002 0
CPU-10013 0
CPU-10016 0
CPU-10023 0
CPU-10024 54
CPU-10028 0
CPU-10034 0
CPU-10040 0
CPU-10050 0
CPU-10069 0
CPU-10071 0
CPU-10080 0
CPU-10082 0
CPU-10099 0
CPU-10102 5
CPU-10103 0
CPU-10106 0
CPU-10112 0
CPU-10116 0
CPU-10119 0
CPU-10123 0
CPU-10125 5
CPU-10126 0
CPU-10128 21
CPU-10130 0
CPU-10132 0
CPU-10136 0
CPU-10140 0
CPU-10144 0
CPU-10149 0
CPU-10150 0
CPU-10151 0
CPU-10154 0
CPU-10155 21
CPU-10162 0
CPU-10166 0
CPU-10167 0
CPU-10169 0
Wifi 38
Wifi-on true
Wifi-packets 0
Wifi-uplinkBytes 0
Wifi-downlinkBytes 0
Wifi-uplink 0
Wifi-speed 58
Wifi-state LOW
3G 0
3G-on false
GPS 0
GPS-state-times 1.0 0.0 0.0
GPS-sattelites 0
Audio 0
Audio-on false
begin 45
total-power 925
LCD 855
LCD-brightness 236
LCD-screen-on true
LCD-10024 855
CPU 32
CPU-sys 7
CPU-usr 0
CPU-freq 500.0
CPU-0 6
CPU-1000 24
CPU-1001 0
CPU-1002 0
CPU-1010 0
CPU-1013 0
CPU-1014 0
CPU-1016 0
CPU-1017 0
CPU-1025 0
CPU-2000 0
CPU-3005 0
CPU-10002 0
CPU-10013 0
CPU-10016 0
CPU-10023 0
CPU-10024 0
CPU-10028 0
CPU-10034 0
CPU-10040 0
CPU-10050 0
CPU-10069 0
CPU-10071 0
CPU-10080 0
CPU-10082 0
CPU-10099 0
CPU-10102 0
CPU-10103 0
CPU-10106 0
CPU-10112 0
CPU-10116 0
CPU-10119 0
CPU-10123 0
CPU-10125 3
CPU-10126 0
CPU-10128 0
CPU-10130 0
CPU-10132 0
CPU-10136 0
CPU-10140 0
CPU-10144 0
CPU-10149 0
CPU-10150 0
CPU-10151 0
CPU-10154 0
CPU-10155 6
CPU-10162 0
CPU-10166 0
CPU-10167 0
CPU-10169 0
Wifi 38
Wifi-on true
Wifi-packets 0
Wifi-uplinkBytes 0
Wifi-downlinkBytes 0
Wifi-uplink 0
Wifi-speed 65
Wifi-state LOW
3G 0
3G-on false
GPS 0
GPS-state-times 1.0 0.0 0.0
GPS-sattelites 0
Audio 0
Audio-on false
begin 46
total-power 995
LCD 855
LCD-brightness 236
LCD-screen-on true
LCD-10155 855
CPU 102
CPU-sys 28
CPU-usr 2
CPU-freq 200.0
CPU-0 6
CPU-1000 30
CPU-1001 0
CPU-1002 0
CPU-1013 0
CPU-1016 0
CPU-1017 0
CPU-1025 0
CPU-2000 0
CPU-3005 0
CPU-10002 0
CPU-10013 0
CPU-10016 0
CPU-10024 5
CPU-10028 0
CPU-10034 0
CPU-10040 0
CPU-10050 0
CPU-10069 0
CPU-10080 0
CPU-10082 0
CPU-10102 0
CPU-10103 0
CPU-10106 0
CPU-10116 0
CPU-10123 0
CPU-10126 0
CPU-10128 0
CPU-10132 0
CPU-10144 0
CPU-10149 0
CPU-10151 0
CPU-10154 0
CPU-10155 45
CPU-10166 0
Wifi 38
Wifi-on true
Wifi-packets 0
Wifi-uplinkBytes 0
Wifi-downlinkBytes 0
Wifi-uplink 0
Wifi-speed 65
Wifi-state LOW
3G 0
3G-on false
GPS 0
GPS-state-times 1.0 0.0 0.0
GPS-sattelites 0
Audio 0
Audio-on false
begin 47
total-power 1028
LCD 855
LCD-brightness 236
LCD-screen-on true
LCD-10155 855
CPU 135
CPU-sys 27
CPU-usr 5
CPU-freq 1200.0
CPU-0 34
CPU-1000 346
CPU-1001 0
CPU-1002 0
CPU-1010 0
CPU-1013 0
CPU-1014 0
CPU-1016 0
CPU-1017 0
CPU-1025 0
CPU-2000 0
CPU-3005 0
CPU-10002 0
CPU-10013 0
CPU-10016 0
CPU-10023 0
CPU-10024 0
CPU-10028 0
CPU-10034 0
CPU-10040 0
CPU-10050 0
CPU-10069 0
CPU-10071 0
CPU-10080 0
CPU-10082 0
CPU-10099 0
CPU-10102 0
CPU-10103 0
CPU-10106 0
CPU-10112 0
CPU-10116 0
CPU-10119 0
CPU-10123 0
CPU-10125 0
CPU-10126 0
CPU-10128 0
CPU-10130 0
CPU-10132 0
CPU-10136 0
CPU-10140 0
CPU-10144 0
CPU-10149 0
CPU-10150 0
CPU-10151 0
CPU-10154 0
CPU-10155 401
CPU-10162 0
CPU-10166 0
CPU-10167 0
CPU-10169 0
Wifi 38
Wifi-on true
Wifi-packets 0
Wifi-uplinkBytes 0
Wifi-downlinkBytes 0
Wifi-uplink 0
Wifi-speed 65
Wifi-state LOW
3G 0
3G-on false
GPS 0
GPS-state-times 1.0 0.0 0.0
GPS-sattelites 0
Audio 0
Audio-on false
begin 48
total-power 967
LCD 855
LCD-brightness 236
LCD-screen-on true
LCD-10155 855
CPU 74
CPU-sys 17
CPU-usr 0
CPU-freq 500.0
CPU-0 0
CPU-1000 71
CPU-1001 0
CPU-1002 0
CPU-1010 0
CPU-1013 3
CPU-1014 0
CPU-1016 0
CPU-1017 0
CPU-1025 0
CPU-2000 0
CPU-3005 0
CPU-10002 0
CPU-10013 0
CPU-10016 0
CPU-10023 0
CPU-10024 0
CPU-10028 0
CPU-10034 0
CPU-10040 0
CPU-10050 0
CPU-10069 0
CPU-10071 0
CPU-10080 0
CPU-10082 0
CPU-10099 0
CPU-10102 0
CPU-10103 0
CPU-10106 0
CPU-10112 0
CPU-10116 0
CPU-10119 0
CPU-10123 0
CPU-10125 3
CPU-10126 0
CPU-10128 0
CPU-10130 0
CPU-10132 0
CPU-10136 0
CPU-10140 0
CPU-10144 0
CPU-10149 0
CPU-10150 0
CPU-10151 0
CPU-10154 0
CPU-10155 81
CPU-10162 0
CPU-10166 0
CPU-10167 0
CPU-10169 0
Wifi 38
Wifi-on true
Wifi-packets 0
Wifi-uplinkBytes 0
Wifi-downlinkBytes 0
Wifi-uplink 0
Wifi-speed 65
Wifi-state LOW
3G 0
3G-on false
GPS 0
GPS-state-times 1.0 0.0 0.0
GPS-sattelites 0
Audio 0
Audio-on false
